-------------------------------------------------------------------------------
Test set: cn.luosonglin.test.UserControllerTest
-------------------------------------------------------------------------------
Tests run: 2, Failures: 0, Errors: 2, Skipped: 0, Time elapsed: 0.066 sec <<< FAILURE! - in cn.luosonglin.test.UserControllerTest
testUserController(cn.luosonglin.test.UserControllerTest)  Time elapsed: 0.033 sec  <<< ERROR!
java.lang.IllegalArgumentException: Could not resolve placeholder 'cn.luosonglin.test.project.type' in string value "/${cn.luosonglin.test.project.type}/${cn.luosonglin.test.project.version}/users"
	at org.springframework.util.PropertyPlaceholderHelper.parseStringValue(PropertyPlaceholderHelper.java:174)
	at org.springframework.util.PropertyPlaceholderHelper.replacePlaceholders(PropertyPlaceholderHelper.java:126)
	at org.springframework.test.web.servlet.setup.StandaloneMockMvcBuilder$StaticStringValueResolver.resolveStringValue(StandaloneMockMvcBuilder.java:507)
	at org.springframework.web.servlet.mvc.method.annotation.RequestMappingHandlerMapping.resolveEmbeddedValuesInPatterns(RequestMappingHandlerMapping.java:272)
	at org.springframework.web.servlet.mvc.method.annotation.RequestMappingHandlerMapping.createRequestMappingInfo(RequestMappingHandlerMapping.java:249)
	at org.springframework.web.servlet.mvc.method.annotation.RequestMappingHandlerMapping.createRequestMappingInfo(RequestMappingHandlerMapping.java:206)
	at org.springframework.web.servlet.mvc.method.annotation.RequestMappingHandlerMapping.getMappingForMethod(RequestMappingHandlerMapping.java:187)
	at org.springframework.web.servlet.mvc.method.annotation.RequestMappingHandlerMapping.getMappingForMethod(RequestMappingHandlerMapping.java:53)
	at org.springframework.web.servlet.handler.AbstractHandlerMethodMapping$1.inspect(AbstractHandlerMethodMapping.java:218)
	at org.springframework.core.MethodIntrospector$1.doWith(MethodIntrospector.java:72)
	at org.springframework.util.ReflectionUtils.doWithMethods(ReflectionUtils.java:527)
	at org.springframework.core.MethodIntrospector.selectMethods(MethodIntrospector.java:68)
	at org.springframework.web.servlet.handler.AbstractHandlerMethodMapping.detectHandlerMethods(AbstractHandlerMethodMapping.java:214)
	at org.springframework.test.web.servlet.setup.StandaloneMockMvcBuilder$StaticRequestMappingHandlerMapping.registerHandlers(StandaloneMockMvcBuilder.java:480)
	at org.springframework.test.web.servlet.setup.StandaloneMockMvcBuilder.registerMvcSingletons(StandaloneMockMvcBuilder.java:346)
	at org.springframework.test.web.servlet.setup.StandaloneMockMvcBuilder.initWebAppContext(StandaloneMockMvcBuilder.java:331)
	at org.springframework.test.web.servlet.setup.AbstractMockMvcBuilder.build(AbstractMockMvcBuilder.java:127)
	at cn.luosonglin.test.UserControllerTest.setUp(UserControllerTest.java:38)

getHello(cn.luosonglin.test.UserControllerTest)  Time elapsed: 0.007 sec  <<< ERROR!
java.lang.IllegalArgumentException: Could not resolve placeholder 'cn.luosonglin.test.project.type' in string value "/${cn.luosonglin.test.project.type}/${cn.luosonglin.test.project.version}/users"
	at org.springframework.util.PropertyPlaceholderHelper.parseStringValue(PropertyPlaceholderHelper.java:174)
	at org.springframework.util.PropertyPlaceholderHelper.replacePlaceholders(PropertyPlaceholderHelper.java:126)
	at org.springframework.test.web.servlet.setup.StandaloneMockMvcBuilder$StaticStringValueResolver.resolveStringValue(StandaloneMockMvcBuilder.java:507)
	at org.springframework.web.servlet.mvc.method.annotation.RequestMappingHandlerMapping.resolveEmbeddedValuesInPatterns(RequestMappingHandlerMapping.java:272)
	at org.springframework.web.servlet.mvc.method.annotation.RequestMappingHandlerMapping.createRequestMappingInfo(RequestMappingHandlerMapping.java:249)
	at org.springframework.web.servlet.mvc.method.annotation.RequestMappingHandlerMapping.createRequestMappingInfo(RequestMappingHandlerMapping.java:206)
	at org.springframework.web.servlet.mvc.method.annotation.RequestMappingHandlerMapping.getMappingForMethod(RequestMappingHandlerMapping.java:187)
	at org.springframework.web.servlet.mvc.method.annotation.RequestMappingHandlerMapping.getMappingForMethod(RequestMappingHandlerMapping.java:53)
	at org.springframework.web.servlet.handler.AbstractHandlerMethodMapping$1.inspect(AbstractHandlerMethodMapping.java:218)
	at org.springframework.core.MethodIntrospector$1.doWith(MethodIntrospector.java:72)
	at org.springframework.util.ReflectionUtils.doWithMethods(ReflectionUtils.java:527)
	at org.springframework.core.MethodIntrospector.selectMethods(MethodIntrospector.java:68)
	at org.springframework.web.servlet.handler.AbstractHandlerMethodMapping.detectHandlerMethods(AbstractHandlerMethodMapping.java:214)
	at org.springframework.test.web.servlet.setup.StandaloneMockMvcBuilder$StaticRequestMappingHandlerMapping.registerHandlers(StandaloneMockMvcBuilder.java:480)
	at org.springframework.test.web.servlet.setup.StandaloneMockMvcBuilder.registerMvcSingletons(StandaloneMockMvcBuilder.java:346)
	at org.springframework.test.web.servlet.setup.StandaloneMockMvcBuilder.initWebAppContext(StandaloneMockMvcBuilder.java:331)
	at org.springframework.test.web.servlet.setup.AbstractMockMvcBuilder.build(AbstractMockMvcBuilder.java:127)
	at cn.luosonglin.test.UserControllerTest.setUp(UserControllerTest.java:38)

