<?xml version="1.0" encoding="UTF-8"?>
<testsuite name="cn.luosonglin.test.UserControllerTest" time="0.04" tests="2" errors="2" skipped="0" failures="0">
  <properties>
[...]
</properties>
  <testcase name="testUserController" classname="cn.luosonglin.test.UserControllerTest" time="0.033">
    <error message="Could not resolve placeholder &apos;cn.luosonglin.test.project.type&apos; in string value &quot;/${cn.luosonglin.test.project.type}/${cn.luosonglin.test.project.version}/users&quot;" type="java.lang.IllegalArgumentException">java.lang.IllegalArgumentException: Could not resolve placeholder 'cn.luosonglin.test.project.type' in string value "/${cn.luosonglin.test.project.type}/${cn.luosonglin.test.project.version}/users"
	at org.springframework.util.PropertyPlaceholderHelper.parseStringValue(PropertyPlaceholderHelper.java:174)
	at org.springframework.util.PropertyPlaceholderHelper.replacePlaceholders(PropertyPlaceholderHelper.java:126)
	at org.springframework.test.web.servlet.setup.StandaloneMockMvcBuilder$StaticStringValueResolver.resolveStringValue(StandaloneMockMvcBuilder.java:507)
	at org.springframework.web.servlet.mvc.method.annotation.RequestMappingHandlerMapping.resolveEmbeddedValuesInPatterns(RequestMappingHandlerMapping.java:272)
	at org.springframework.web.servlet.mvc.method.annotation.RequestMappingHandlerMapping.createRequestMappingInfo(RequestMappingHandlerMapping.java:249)
	at org.springframework.web.servlet.mvc.method.annotation.RequestMappingHandlerMapping.createRequestMappingInfo(RequestMappingHandlerMapping.java:206)
	at org.springframework.web.servlet.mvc.method.annotation.RequestMappingHandlerMapping.getMappingForMethod(RequestMappingHandlerMapping.java:187)
	at org.springframework.web.servlet.mvc.method.annotation.RequestMappingHandlerMapping.getMappingForMethod(RequestMappingHandlerMapping.java:53)
	at org.springframework.web.servlet.handler.AbstractHandlerMethodMapping$1.inspect(AbstractHandlerMethodMapping.java:218)
	at org.springframework.core.MethodIntrospector$1.doWith(MethodIntrospector.java:72)
	at org.springframework.util.ReflectionUtils.doWithMethods(ReflectionUtils.java:527)
	at org.springframework.core.MethodIntrospector.selectMethods(MethodIntrospector.java:68)
	at org.springframework.web.servlet.handler.AbstractHandlerMethodMapping.detectHandlerMethods(AbstractHandlerMethodMapping.java:214)
	at org.springframework.test.web.servlet.setup.StandaloneMockMvcBuilder$StaticRequestMappingHandlerMapping.registerHandlers(StandaloneMockMvcBuilder.java:480)
	at org.springframework.test.web.servlet.setup.StandaloneMockMvcBuilder.registerMvcSingletons(StandaloneMockMvcBuilder.java:346)
	at org.springframework.test.web.servlet.setup.StandaloneMockMvcBuilder.initWebAppContext(StandaloneMockMvcBuilder.java:331)
	at org.springframework.test.web.servlet.setup.AbstractMockMvcBuilder.build(AbstractMockMvcBuilder.java:127)
	at cn.luosonglin.test.UserControllerTest.setUp(UserControllerTest.java:38)
</error>
    <system-out><![CDATA[2016-12-12 10:37:26.096  INFO 11871 --- [           main] o.s.t.c.support.AbstractContextLoader    : Could not detect default resource locations for test class [cn.luosonglin.test.UserControllerTest]: no resource found for suffixes {-context.xml, Context.groovy}.
2016-12-12 10:37:26.105  INFO 11871 --- [           main] o.s.t.c.web.WebTestContextBootstrapper   : Loaded default TestExecutionListener class names from location [META-INF/spring.factories]: [org.springframework.test.context.web.ServletTestExecutionListener, org.springframework.test.context.support.DirtiesContextBeforeModesTestExecutionListener, org.springframework.test.context.support.DependencyInjectionTestExecutionListener, org.springframework.test.context.support.DirtiesContextTestExecutionListener, org.springframework.test.context.transaction.TransactionalTestExecutionListener, org.springframework.test.context.jdbc.SqlScriptsTestExecutionListener]
2016-12-12 10:37:26.106  INFO 11871 --- [           main] o.s.t.c.web.WebTestContextBootstrapper   : Using TestExecutionListeners: [org.springframework.test.context.web.ServletTestExecutionListener@3016fd5e, org.springframework.test.context.support.DirtiesContextBeforeModesTestExecutionListener@35d08e6c, org.springframework.test.context.support.DependencyInjectionTestExecutionListener@53d102a2, org.springframework.test.context.support.DirtiesContextTestExecutionListener@6c45ee6e, org.springframework.test.context.transaction.TransactionalTestExecutionListener@6b3e12b5, org.springframework.test.context.jdbc.SqlScriptsTestExecutionListener@5aac4250]
2016-12-12 10:37:26.124  INFO 11871 --- [           main] ilder$StaticRequestMappingHandlerMapping : Mapped "{[/hello]}" onto public java.lang.String cn.luosonglin.test.web.HelloController.index()
]]></system-out>
  </testcase>
  <testcase name="getHello" classname="cn.luosonglin.test.UserControllerTest" time="0.007">
    <error message="Could not resolve placeholder &apos;cn.luosonglin.test.project.type&apos; in string value &quot;/${cn.luosonglin.test.project.type}/${cn.luosonglin.test.project.version}/users&quot;" type="java.lang.IllegalArgumentException">java.lang.IllegalArgumentException: Could not resolve placeholder 'cn.luosonglin.test.project.type' in string value "/${cn.luosonglin.test.project.type}/${cn.luosonglin.test.project.version}/users"
	at org.springframework.util.PropertyPlaceholderHelper.parseStringValue(PropertyPlaceholderHelper.java:174)
	at org.springframework.util.PropertyPlaceholderHelper.replacePlaceholders(PropertyPlaceholderHelper.java:126)
	at org.springframework.test.web.servlet.setup.StandaloneMockMvcBuilder$StaticStringValueResolver.resolveStringValue(StandaloneMockMvcBuilder.java:507)
	at org.springframework.web.servlet.mvc.method.annotation.RequestMappingHandlerMapping.resolveEmbeddedValuesInPatterns(RequestMappingHandlerMapping.java:272)
	at org.springframework.web.servlet.mvc.method.annotation.RequestMappingHandlerMapping.createRequestMappingInfo(RequestMappingHandlerMapping.java:249)
	at org.springframework.web.servlet.mvc.method.annotation.RequestMappingHandlerMapping.createRequestMappingInfo(RequestMappingHandlerMapping.java:206)
	at org.springframework.web.servlet.mvc.method.annotation.RequestMappingHandlerMapping.getMappingForMethod(RequestMappingHandlerMapping.java:187)
	at org.springframework.web.servlet.mvc.method.annotation.RequestMappingHandlerMapping.getMappingForMethod(RequestMappingHandlerMapping.java:53)
	at org.springframework.web.servlet.handler.AbstractHandlerMethodMapping$1.inspect(AbstractHandlerMethodMapping.java:218)
	at org.springframework.core.MethodIntrospector$1.doWith(MethodIntrospector.java:72)
	at org.springframework.util.ReflectionUtils.doWithMethods(ReflectionUtils.java:527)
	at org.springframework.core.MethodIntrospector.selectMethods(MethodIntrospector.java:68)
	at org.springframework.web.servlet.handler.AbstractHandlerMethodMapping.detectHandlerMethods(AbstractHandlerMethodMapping.java:214)
	at org.springframework.test.web.servlet.setup.StandaloneMockMvcBuilder$StaticRequestMappingHandlerMapping.registerHandlers(StandaloneMockMvcBuilder.java:480)
	at org.springframework.test.web.servlet.setup.StandaloneMockMvcBuilder.registerMvcSingletons(StandaloneMockMvcBuilder.java:346)
	at org.springframework.test.web.servlet.setup.StandaloneMockMvcBuilder.initWebAppContext(StandaloneMockMvcBuilder.java:331)
	at org.springframework.test.web.servlet.setup.AbstractMockMvcBuilder.build(AbstractMockMvcBuilder.java:127)
	at cn.luosonglin.test.UserControllerTest.setUp(UserControllerTest.java:38)
</error>
    <system-out><![CDATA[2016-12-12 10:37:26.151  INFO 11871 --- [           main] ilder$StaticRequestMappingHandlerMapping : Mapped "{[/hello]}" onto public java.lang.String cn.luosonglin.test.web.HelloController.index()
]]></system-out>
  </testcase>
</testsuite>